1111111111111111
1111111111111111
0000000100000000
1110110000010000
0000000000000000
1110001100001000
1111111111111111
1111111111111111
0000000000001011
1110101010000111
1111111111111111
1111111111111111
1111111111111111
0000000000000000
1110110000010000
0000000000000001
1110001100001000
1111111111111111
1111111111111111
1111111111111111
1111111111111111
1111111111111111
1111111111111111
0000000000000000
1110110000010000
0000000000000000
1111110000100000
1110001100001000
0000000000000000
1111110111001000
0000000001000110
1110110000010000
0000000000000000
1111110111101000
1110110010100000
1110001100001000
0000000000000001
1111110000010000
0000000000000000
1111110111101000
1110110010100000
1110001100001000
0000000000000010
1111110000010000
0000000000000000
1111110111101000
1110110010100000
1110001100001000
0000000000000011
1111110000010000
0000000000000000
1111110111101000
1110110010100000
1110001100001000
0000000000000100
1111110000010000
0000000000000000
1111110111101000
1110110010100000
1110001100001000
0000000000000000
1111110000010000
0000000000000001
1110001100001000
0000000000000110
1110010011010000
0000000000000010
1110001100001000
0000000001001011
1110101010000111
1111111111111111
1110111010100000
1110101010000111
1111111111111111
1111111111111111
1111111111111111
1111111111111111
1111111111111111
0000000000000000
1110110000010000
0000000000000000
1111110000100000
1110001100001000
0000000000000000
1111110111001000
1111111111111111
1111111111111111
0000000000000000
1110110000010000
0000000000000000
1111110000100000
1110001100001000
0000000000000000
1111110111001000
1111111111111111
1111111111111111
0000000000000000
1110110000010000
0000000000000000
1111110000100000
1110001100001000
0000000000000000
1111110111001000
1111111111111111
1111111111111111
0000000000000000
1110110000010000
0000000000000000
1111110000100000
1110001100001000
0000000000000000
1111110111001000
1111111111111111
1111111111111111
0000000000000000
1110110000010000
0000000000000000
1111110000100000
1110001100001000
0000000000000000
1111110111001000
1111111111111111
1111111111111111
0000000000000001
1111110000010000
0000000000000000
1110000010010000
0000000000001111
1110001100001000
0000000000000000
1111110010001000
1111110000100000
1111110000010000
0000000000001111
1111110000100000
1110001100001000
1111111111111111
1111111111111111
0000000000000001
1110110000010000
0000000000000000
1111110000100000
1110001100001000
0000000000000000
1111110111001000
1111111111111111
1111111111111111
0000000000000001
1111110000010000
0000000000000001
1110000010010000
0000000000001111
1110001100001000
0000000000000000
1111110010001000
1111110000100000
1111110000010000
0000000000001111
1111110000100000
1110001100001000
1111111111111111
1111111111111111
0000000000001001
1110110000010000
0000000000000000
1111110000100000
1110001100001000
0000000000000000
1111110111001000
1111111111111111
1111111111111111
0000000000000001
1111110000010000
0000000000000010
1110000010010000
0000000000001111
1110001100001000
0000000000000000
1111110010001000
1111110000100000
1111110000010000
0000000000001111
1111110000100000
1110001100001000
1111111111111111
1111111111111111
0000000000000010
1110110000010000
0000000000000000
1111110000100000
1110001100001000
0000000000000000
1111110111001000
1111111111111111
1111111111111111
0000000000000001
1111110000010000
0000000000000011
1110000010010000
0000000000001111
1110001100001000
0000000000000000
1111110010001000
1111110000100000
1111110000010000
0000000000001111
1111110000100000
1110001100001000
1111111111111111
1111111111111111
1111111111111111
1111111111111111
1111111111111111
0000000000000001
1111110000010000
0000000000000011
1110000010100000
1111110000010000
0000000000000000
1111110111001000
1111110000100000
1110110010100000
1110001100001000
1111111111111111
1111111111111111
0000000000000001
1111110000010000
0000000000000010
1110000010100000
1111110000010000
0000000000000000
1111110111001000
1111110000100000
1110110010100000
1110001100001000
1111111111111111
1111111111111111
0000000000000000
1111110010101000
1111110000010000
1110110010100000
1111010011010000
0000000011110111
1110001100000101
1110111111010000
0000000011111001
1110101010000111
1111111111111111
1110101010010000
1111111111111111
0000000000000000
1111110010100000
1110001100001000
1111111111111111
1111111111111111
0000000000000000
1111110010101000
1111110000010000
0000000110010001
1110001100000101
1111111111111111
1111111111111111
0000000000000001
1111110000010000
0000000000000000
1110000010100000
1111110000010000
0000000000000000
1111110111001000
1111110000100000
1110110010100000
1110001100001000
1111111111111111
1111111111111111
0000000000000001
1111110000010000
0000000000000001
1110000010100000
1111110000010000
0000000000000000
1111110111001000
1111110000100000
1110110010100000
1110001100001000
1111111111111111
1111111111111111
0000000000000000
1111110010101000
1111110000010000
1110110010100000
1111000010001000
1111111111111111
1111111111111111
0000000000000001
1111110000010000
0000000000000001
1110000010010000
0000000000001111
1110001100001000
0000000000000000
1111110010001000
1111110000100000
1111110000010000
0000000000001111
1111110000100000
1110001100001000
1111111111111111
1111111111111111
0000000000000001
1111110000010000
0000000000000001
1110000010100000
1111110000010000
0000000000000000
1111110111001000
1111110000100000
1110110010100000
1110001100001000
1111111111111111
1111111111111111
0000000000000001
1111110000010000
0000000000000000
1110000010100000
1111110000010000
0000000000000000
1111110111001000
1111110000100000
1110110010100000
1110001100001000
1111111111111111
1111111111111111
0000000000000000
1111110010101000
1111110000010000
1110110010100000
1111000111001000
1111111111111111
1111111111111111
0000000000000001
1111110000010000
0000000000000000
1110000010010000
0000000000001111
1110001100001000
0000000000000000
1111110010001000
1111110000100000
1111110000010000
0000000000001111
1111110000100000
1110001100001000
1111111111111111
1111111111111111
0000000000000001
1110110000010000
0000000000000000
1111110000100000
1110001100001000
0000000000000000
1111110111001000
1111111111111111
1111111111111111
0000000000000001
1111110000010000
0000000000000011
1110000010100000
1111110000010000
0000000000000000
1111110111001000
1111110000100000
1110110010100000
1110001100001000
1111111111111111
1111111111111111
0000000000000000
1111110010101000
1111110000010000
1110110010100000
1111000010001000
1111111111111111
1111111111111111
0000000000000001
1111110000010000
0000000000000011
1110000010010000
0000000000001111
1110001100001000
0000000000000000
1111110010001000
1111110000100000
1111110000010000
0000000000001111
1111110000100000
1110001100001000
1111111111111111
1111111111111111
0000000011010010
1110101010000111
1111111111111111
1111111111111111
1111111111111111
1111111111111111
1111111111111111
0000000000000001
1111110000010000
0000000000000001
1110000010100000
1111110000010000
0000000000000000
1111110111001000
1111110000100000
1110110010100000
1110001100001000
1111111111111111
1111111111111111
0000000000010000
1110110000010000
0000000000000000
1110000010010000
0000000000001111
1110001100001000
0000000000000000
1111110010001000
1111110000100000
1111110000010000
0000000000001111
1111110000100000
1110001100001000
1111111111111111
1111111111111111
0000000000000000
1111110010100000
1111110000010000
0000000000000010
1111110000100000
1110001100001000
1110110111010000
0000000000000000
1110001100001000
0000000000000001
1111110000010000
0000000000000101
1110010011100000
1111110000010000
0000000000001111
1110001100001000
0000000000000001
1111110010101000
1111110000010000
0000000000000100
1110001100001000
0000000000000001
1111110010101000
1111110000010000
0000000000000011
1110001100001000
0000000000000001
1111110010101000
1111110000010000
0000000000000010
1110001100001000
0000000000000001
1111110010101000
1111110000010000
0000000000000001
1110001100001000
0000000000001111
1111110000100000
1110101010000111
